
> shikshadisha@0.1.0 build
> next build --turbopack

 ⚠ Warning: Next.js inferred your workspace root, but it may not be correct.
 We detected multiple lockfiles and selected the directory of C:\Users\Dell\OneDrive\Desktop\shiksha-disha\package-lock.json as the root directory.
 To silence this warning, set `turbopack.root` in your Next.js config, or consider removing one of the lockfiles if it's not needed.
   See https://nextjs.org/docs/app/api-reference/config/next-config-js/turbopack#root-directory for more information.
 Detected additional lockfiles: 
   * C:\Users\Dell\OneDrive\Desktop\shiksha-disha\frontend-web\package-lock.json

   ▲ Next.js 15.5.10 (Turbopack)

   Creating an optimized production build ...
 ✓ Finished writing to disk in 1439ms
 ✓ Compiled successfully in 57s
   Skipping linting
   Checking validity of types ...
   Collecting page data ...
   Generating static pages (0/29) ...
   Generating static pages (7/29) 
   Generating static pages (14/29) 
   Generating static pages (21/29) 
 ✓ Generating static pages (29/29)
   Finalizing page optimization ...
   Collecting build traces ...

Route (app)                         Size  First Load JS
┌ ○ /                            69.3 kB         262 kB
├ ○ /_not-found                      0 B         131 kB
├ ○ /about                           0 B         177 kB
├ ƒ /api/status                      0 B            0 B
├ ○ /auth                         229 kB         397 kB
├ ○ /contact                         0 B         177 kB
├ ○ /cookies                         0 B         177 kB
├ ○ /demo/achievements           5.27 kB         229 kB
├ ○ /demo/ai-companion           6.53 kB         230 kB
├ ○ /demo/browse_courses         4.94 kB         229 kB
├ ○ /demo/career_map             5.71 kB         230 kB
├ ○ /demo/dashboard              5.01 kB         229 kB
├ ○ /demo/insights               6.47 kB         230 kB
├ ○ /demo/leaderboard            5.45 kB         229 kB
├ ○ /demo/onboarding             12.1 kB         245 kB
├ ○ /demo/Pricing                3.31 kB         190 kB
├ ○ /demo/profile                6.07 kB         230 kB
├ ○ /load                        1.06 kB         132 kB
├ ○ /privacy                         0 B         177 kB
├ ○ /status                      14.2 kB         179 kB
├ ○ /student/career_map          9.54 kB         190 kB
├ ○ /student/dashboard           7.04 kB         176 kB
├ ○ /student/onboarding          15.9 kB         214 kB
├ ○ /team                            0 B         177 kB
├ ○ /terms                           0 B         177 kB
└ ○ /test                            0 B         131 kB
+ First Load JS shared by all     158 kB
  ├ chunks/096b529520f16f5b.js   59.2 kB
  ├ chunks/4510630a3dfb73b8.js   17.2 kB
  ├ chunks/c4995175da03058d.js   13.2 kB
  ├ chunks/81d2efc22d314ddd.css  25.9 kB
  └ other shared chunks (total)  42.4 kB


○  (Static)   prerendered as static content
ƒ  (Dynamic)  server-rendered on demand

